<?xml version="1.0" encoding="UTF-8"?>
<!-- Generated by org.testng.reporters.JUnitReportReporter -->
<testsuite hostname="DESKTOP-B844U2B" failures="0" tests="1" name="DemoQA.Automation.Testscript" time="1.696" errors="0" timestamp="2023-10-05T13:22:12 IST" skipped="0">
  <testcase classname="DemoQA.Automation.Testscript" name="WindowHandle" time="1.696">
    <system-out>
      <![CDATA[<br>This is a sample pageWindow is switched and Driver can locate the text
<br>This is a sample pageWindow is switched and Driver can locate the text]]>
    </system-out>
  </testcase> <!-- WindowHandle -->
  <system-out>
    <![CDATA[DEMO QA page is loaded properly
<br>This is a sample pageWindow is switched and Driver can locate the text
<br>This is a sample pageWindow is switched and Driver can locate the text]]>
  </system-out>
</testsuite> <!-- DemoQA.Automation.Testscript -->
